<?xml version="1.0" encoding="UTF-8"?>
<!-- Generated by org.testng.reporters.JUnitReportReporter -->
<testsuite skipped="0" hostname="LAPTOP-H28O4BU2" name="NewTest" tests="1" failures="0" timestamp="2022-03-16T22:14:28 IST" time="19.746" errors="0">
  <testcase name="openCalculater" time="19.746" classname="NewTest"/>
  <system-out/>
</testsuite> <!-- NewTest -->
